2023-10-09 18:49:50:INFO:Starting Spoolman v0.12.2 (commit: 8ade10d) (built: 2023-10-08 09:55:33+00:00)
2023-10-09 18:49:50:INFO:Setting up database...
2023-10-09 18:49:50:INFO:No database type specified, using a default SQLite database located at "/home/app/.local/share/spoolman/spoolman.db"
2023-10-09 18:49:50:INFO:Performing migrations...
2023-10-09 18:49:55:INFO:Scheduling automatic database backup for midnight.
2023-10-09 18:49:55:INFO:Startup complete.
2023-10-09 18:53:19:INFO:Starting Spoolman v0.12.2 (commit: 8ade10d) (built: 2023-10-08 09:55:33+00:00)
2023-10-09 18:53:19:INFO:Setting up database...
2023-10-09 18:53:19:INFO:No database type specified, using a default SQLite database located at "/home/app/.local/share/spoolman/spoolman.db"
2023-10-09 18:53:19:INFO:Performing migrations...
2023-10-09 18:53:23:INFO:Scheduling automatic database backup for midnight.
2023-10-09 18:53:23:INFO:Startup complete.
2023-10-09 18:55:32:INFO:Starting Spoolman v0.12.2 (commit: 8ade10d) (built: 2023-10-08 09:55:33+00:00)
2023-10-09 18:55:32:INFO:Setting up database...
2023-10-09 18:55:32:INFO:No database type specified, using a default SQLite database located at "/home/app/.local/share/spoolman/spoolman.db"
2023-10-09 18:55:32:INFO:Performing migrations...
2023-10-09 18:55:36:INFO:Scheduling automatic database backup for midnight.
2023-10-09 18:55:36:INFO:Startup complete.
2023-10-09 19:07:14:INFO:Starting Spoolman v0.12.2 (commit: 8ade10d) (built: 2023-10-08 09:55:33+00:00)
2023-10-09 19:07:14:INFO:Setting up database...
2023-10-09 19:07:14:INFO:No database type specified, using a default SQLite database located at "/home/app/.local/share/spoolman/spoolman.db"
2023-10-09 19:07:14:INFO:Performing migrations...
2023-10-09 19:07:32:INFO:Scheduling automatic database backup for midnight.
2023-10-09 19:07:32:INFO:Startup complete.
2023-10-09 19:59:55:INFO:Starting Spoolman v0.12.2 (commit: 8ade10d) (built: 2023-10-08 09:55:33+00:00)
2023-10-09 19:59:55:INFO:Setting up database...
2023-10-09 19:59:55:INFO:No database type specified, using a default SQLite database located at "/home/app/.local/share/spoolman/spoolman.db"
2023-10-09 19:59:55:INFO:Performing migrations...
2023-10-09 19:59:59:INFO:Scheduling automatic database backup for midnight.
2023-10-09 19:59:59:INFO:Startup complete.
2023-10-09 20:22:30:INFO:Starting Spoolman v0.12.2 (commit: 8ade10d) (built: 2023-10-08 09:55:33+00:00)
2023-10-09 20:22:30:INFO:Setting up database...
2023-10-09 20:22:30:INFO:No database type specified, using a default SQLite database located at "/home/app/.local/share/spoolman/spoolman.db"
2023-10-09 20:22:30:INFO:Performing migrations...
2023-10-09 20:22:34:INFO:Scheduling automatic database backup for midnight.
2023-10-09 20:22:34:INFO:Startup complete.
